[2026-03-10 13:26:59] ERROR: Error al cargar el archivo con los tipos de vías en C:\xampp\htdocs\practicas-php\clinica_veterinaria\controllers\ClienteController.php
[2026-03-10 13:27:06] ERROR: Error al cargar el archivo con los tipos de vías en C:\xampp\htdocs\practicas-php\clinica_veterinaria\controllers\ClienteController.php
[2026-03-10 13:31:58] ERROR: Error al cargar el archivo con los tipos de vías en C:\xampp\htdocs\practicas-php\clinica_veterinaria\controllers\ClienteController.php
[2026-03-11 09:49:54] ERROR: Archivo de tipos de vía no encontrado: C:\xampp\htdocs\practicas-php\clinica_veterinaria\services/../data/clientes/tipos_vias.txt en C:\xampp\htdocs\practicas-php\clinica_veterinaria\services\ClienteService.php
[2026-03-11 09:53:12] ERROR: Archivo de tipos de vía no encontrado: C:\xampp\htdocs\practicas-php\clinica_veterinaria\services/../data/clientes/tipos_vias.txt en C:\xampp\htdocs\practicas-php\clinica_veterinaria\services\ClienteService.php
[2026-03-11 09:55:08] ERROR: Archivo de tipos de vía no encontrado: C:\xampp\htdocs\practicas-php\clinica_veterinaria\services/../data/clientes/tipos_vias.txt en C:\xampp\htdocs\practicas-php\clinica_veterinaria\services\ClienteService.php
[2026-03-11 09:55:14] ERROR: Archivo de tipos de vía no encontrado: C:\xampp\htdocs\practicas-php\clinica_veterinaria\services/../data/clientes/tipos_vias.txt en C:\xampp\htdocs\practicas-php\clinica_veterinaria\services\ClienteService.php
[2026-03-11 09:56:11] ERROR: Archivo de tipos de vía no encontrado: C:\xampp\htdocs\practicas-php\clinica_veterinaria\services/../data/clientes/tipos_vias.txt en C:\xampp\htdocs\practicas-php\clinica_veterinaria\services\ClienteService.php
[2026-03-11 09:56:17] ERROR: Archivo de tipos de vía no encontrado: C:\xampp\htdocs\practicas-php\clinica_veterinaria\services/../data/clientes/tipos_vias.txt en C:\xampp\htdocs\practicas-php\clinica_veterinaria\services\ClienteService.php
[2026-03-11 10:00:25] ERROR: Archivo de tipos de vía no encontrado: C:\xampp\htdocs\practicas-php\clinica_veterinaria\services/../data/clientes/tipos_vias.txt en C:\xampp\htdocs\practicas-php\clinica_veterinaria\services\ClienteService.php
[2026-03-11 10:00:27] ERROR: Archivo de tipos de vía no encontrado: C:\xampp\htdocs\practicas-php\clinica_veterinaria\services/../data/clientes/tipos_vias.txt en C:\xampp\htdocs\practicas-php\clinica_veterinaria\services\ClienteService.php
[2026-03-11 10:00:33] ERROR: Archivo de tipos de vía no encontrado: C:\xampp\htdocs\practicas-php\clinica_veterinaria\services/../data/clientes/tipos_vias.txt en C:\xampp\htdocs\practicas-php\clinica_veterinaria\services\ClienteService.php
[2026-03-11 10:07:51] ERROR: Archivo de tipos de vía no encontrado: C:\xampp\htdocs\practicas-php\clinica_veterinaria\services/../data/clientes/tipos_vias.txt en C:\xampp\htdocs\practicas-php\clinica_veterinaria\services\ClienteService.php
[2026-03-11 10:07:51] ERROR: Archivo de tipos de vía no encontrado: C:\xampp\htdocs\practicas-php\clinica_veterinaria\services/../data/clientes/tipos_vias.txt en C:\xampp\htdocs\practicas-php\clinica_veterinaria\services\ClienteService.php
[2026-03-11 10:08:38] ERROR: Archivo de tipos de vía no encontrado: C:\xampp\htdocs\practicas-php\clinica_veterinaria\services/../data/clientes/tipos_vias.txt en C:\xampp\htdocs\practicas-php\clinica_veterinaria\services\ClienteService.php
[2026-03-11 10:09:32] ERROR: Archivo de tipos de vía no encontrado: C:\xampp\htdocs\practicas-php\clinica_veterinaria\services/../data/clientes/tipos_vias.txt en C:\xampp\htdocs\practicas-php\clinica_veterinaria\services\ClienteService.php
[2026-03-11 10:09:40] ERROR: Archivo de tipos de vía no encontrado: C:\xampp\htdocs\practicas-php\clinica_veterinaria\services/../data/clientes/tipos_vias.txt en C:\xampp\htdocs\practicas-php\clinica_veterinaria\services\ClienteService.php
[2026-03-13 09:13:00] ERROR: No se puede crear el cliente en C:\xampp\htdocs\practicas-php\clinica_veterinaria\controllers\ClienteController.php
[2026-03-13 11:24:30] ERROR: Archivo de tipos de vía no encontrado: C:\xampp\htdocs\practicas-php\clinica_veterinaria\services../data/clientes/tipos_vias.json en C:\xampp\htdocs\practicas-php\clinica_veterinaria\services\ClienteService.php
[2026-03-13 11:24:37] ERROR: Archivo de tipos de vía no encontrado: C:\xampp\htdocs\practicas-php\clinica_veterinaria\services../data/clientes/tipos_vias.json en C:\xampp\htdocs\practicas-php\clinica_veterinaria\services\ClienteService.php
[2026-03-13 11:25:48] ERROR: Archivo de tipos de vía no encontrado: C:\xampp\htdocs\practicas-php\clinica_veterinaria\services../data/clientes/tipos_vias.json en C:\xampp\htdocs\practicas-php\clinica_veterinaria\services\ClienteService.php
[2026-03-13 11:55:08] ERROR: El número de cuenta no es válido en C:\xampp\htdocs\practicas-php\clinica_veterinaria\controllers\ClienteController.php
